12.04.2020 17:28:05 - Info: Gestartet
12.04.2020 17:28:05 - Warn: Gestartet
12.04.2020 17:28:05 - Error: Gestartet
13.04.2020 17:47:19 - Info: Gestartet
13.04.2020 17:47:19 - Warn: Gestartet
13.04.2020 17:47:19 - Error: Gestartet
19.04.2020 14:47:58 - Mit Datenbank: "C:\Bachmann\Delphi\Delphi XE7\Projekte\Web\OPTIMACHANGELOG.FDB" verbunden.
19.04.2020 14:48:34 - Mit Datenbank: "C:\Bachmann\Delphi\Delphi XE7\Projekte\Web\OPTIMACHANGELOG.FDB" verbunden.
19.04.2020 14:49:40 - Mit Datenbank: "C:\Bachmann\Delphi\Delphi XE7\Projekte\Web\OPTIMACHANGELOG.FDB" verbunden.
19.04.2020 14:49:58 - Webserver gestartet
19.04.2020 14:49:58 - Port: 8081
19.04.2020 14:50:21 - Webserver gestoppt
19.04.2020 14:51:02 - Mit Datenbank: "C:\Bachmann\Delphi\Delphi XE7\Projekte\Web\OPTIMACHANGELOG.FDB" verbunden.
19.04.2020 14:51:21 - Mit Datenbank: "C:\Bachmann\Delphi\Delphi XE7\Projekte\Web\OPTIMACHANGELOG.FDB" verbunden.
19.04.2020 14:53:01 - Mit Datenbank: "C:\Bachmann\Delphi\Delphi XE7\Projekte\Web\OPTIMACHANGELOG.FDB" verbunden.
19.04.2020 14:53:15 - Webserver gestartet
19.04.2020 14:53:15 - Port: 8081
19.04.2020 14:55:36 - Webserver gestoppt
19.04.2020 15:59:55 - Mit Datenbank: "C:\Bachmann\Delphi\Delphi XE7\Projekte\Web\OPTIMACHANGELOG.FDB" verbunden.
19.04.2020 15:59:55 - Webserver gestartet
19.04.2020 15:59:55 - Port: 8081
19.04.2020 16:00:24 - Webserver gestoppt
19.04.2020 16:01:05 - Mit Datenbank: "C:\Bachmann\Delphi\Delphi XE7\Projekte\Web\OPTIMACHANGELOG.FDB" verbunden.
19.04.2020 16:01:05 - Webserver gestartet
19.04.2020 16:01:05 - Port: 8081
19.04.2020 16:01:29 - Webserver gestoppt
19.04.2020 16:02:34 - Mit Datenbank: "C:\Bachmann\Delphi\Delphi XE7\Projekte\Web\OPTIMACHANGELOG.FDB" verbunden.
19.04.2020 16:02:34 - Webserver gestartet
19.04.2020 16:02:34 - Port: 8081
19.04.2020 16:12:31 - Webserver gestoppt
19.04.2020 16:13:16 - Mit Datenbank: "C:\Bachmann\Delphi\Delphi XE7\Projekte\Web\OPTIMACHANGELOG.FDB" verbunden.
19.04.2020 16:13:16 - Webserver gestartet
19.04.2020 16:13:16 - Port: 8081
19.04.2020 16:50:28 - Mit Datenbank: "C:\Bachmann\Delphi\Delphi XE7\Projekte\Web\OPTIMACHANGELOG.FDB" verbunden.
19.04.2020 16:51:13 - Mit Datenbank: "C:\Bachmann\Delphi\Delphi XE7\Projekte\Web\OPTIMACHANGELOG.FDB" verbunden.
19.04.2020 16:51:33 - Webserver gestartet
19.04.2020 16:51:33 - Port: 8081
19.04.2020 16:52:02 - Webserver gestoppt
19.04.2020 17:24:32 - Mit Datenbank: "C:\Bachmann\Delphi\Delphi XE7\Projekte\Web\OPTIMACHANGELOG.FDB" verbunden.
19.04.2020 17:25:11 - Mit Datenbank: "C:\Bachmann\Delphi\Delphi XE7\Projekte\Web\OPTIMACHANGELOG.FDB" verbunden.
19.04.2020 17:25:14 - Mit Datenbank: "C:\Bachmann\Delphi\Delphi XE7\Projekte\Web\OPTIMACHANGELOG.FDB" verbunden.
19.04.2020 17:25:16 - Webserver gestartet
19.04.2020 17:25:16 - Port: 8081
19.04.2020 17:25:23 - Webserver gestoppt
19.04.2020 17:34:52 - Mit Datenbank: "C:\Bachmann\Delphi\Delphi XE7\Projekte\Web\OPTIMACHANGELOG.FDB" verbunden.
19.04.2020 17:34:52 - Mit Datenbank: "C:\DB\DOKUORGA30.FDB" verbunden.
19.04.2020 17:34:52 - Webserver gestartet
19.04.2020 17:34:52 - Port: 8081
19.04.2020 17:37:26 - Mit Datenbank: "C:\Bachmann\Delphi\Delphi XE7\Projekte\Web\OPTIMACHANGELOG.FDB" verbunden.
19.04.2020 17:37:31 - Mit Datenbank: "C:\DB\DOKUORGA30.FDB" verbunden.
19.04.2020 17:37:31 - Webserver gestartet
19.04.2020 17:37:31 - Port: 8081
19.04.2020 17:38:24 - Mit Datenbank: "C:\Bachmann\Delphi\Delphi XE7\Projekte\Web\OPTIMACHANGELOG.FDB" verbunden.
19.04.2020 17:38:24 - Mit Datenbank: "C:\DB\DOKUORGA30.FDB" verbunden.
19.04.2020 17:38:24 - Webserver gestartet
19.04.2020 17:38:24 - Port: 8081
19.04.2020 17:43:06 - Webserver gestoppt
